<?xml version="1.0" encoding="UTF-8"?>
<!-- Generated by org.testng.reporters.JUnitReportReporter -->
<testsuite hostname="Ebsi-HP4540-07" name="com.testng.parallel.demo.ParallelSuiteTest" tests="2" failures="0" timestamp="8 Apr 2015 14:18:28 GMT" time="0.010" errors="0">
  <testcase name="testMethodOne" time="0.005" classname="com.testng.parallel.demo.ParallelSuiteTest"/>
  <testcase name="testMethodOne" time="0.005" classname="com.testng.parallel.demo.ParallelSuiteTest"/>
</testsuite> <!-- com.testng.parallel.demo.ParallelSuiteTest -->
