<?xml version="1.0" encoding="UTF-8"?>
<!-- Generated by org.testng.reporters.JUnitReportReporter -->
<testsuite hostname="Ebsi-HP4540-07" name="com.testng.parallel.demo.ParallelClassesTestTwo" tests="2" failures="0" timestamp="8 Apr 2015 14:14:29 GMT" time="0.009" errors="0">
  <testcase name="testMethodTwo" time="0.001" classname="com.testng.parallel.demo.ParallelClassesTestTwo"/>
  <testcase name="testMethodOne" time="0.008" classname="com.testng.parallel.demo.ParallelClassesTestTwo"/>
</testsuite> <!-- com.testng.parallel.demo.ParallelClassesTestTwo -->
