<?xml version="1.0" encoding="UTF-8"?>
<!-- Generated by org.testng.reporters.JUnitReportReporter -->
<testsuite hostname="Ebsi-HP4540-07" name="com.testng.config.demo.TestConfiguration" tests="2" failures="0" timestamp="8 Apr 2015 11:49:20 GMT" time="0.007" errors="0">
  <testcase name="runTest1" time="0.006" classname="com.testng.config.demo.TestConfiguration"/>
  <testcase name="runTest2" time="0.001" classname="com.testng.config.demo.TestConfiguration"/>
</testsuite> <!-- com.testng.config.demo.TestConfiguration -->
