<?xml version="1.0" encoding="UTF-8"?>
<!-- Generated by org.testng.reporters.JUnitReportReporter -->
<testsuite hostname="Ebsi-HP4540-07" name="com.testng.config.demo.TestDBConnection" tests="4" failures="0" timestamp="8 Apr 2015 11:49:20 GMT" time="0.006" errors="0">
  <testcase name="runOtherTest2" time="0.002" classname="com.testng.config.demo.TestDBConnection"/>
  <testcase name="runOtherTest1" time="0.002" classname="com.testng.config.demo.TestDBConnection"/>
  <testcase name="runOtherTest1" time="0.001" classname="com.testng.config.demo.TestDBConnection"/>
  <testcase name="runOtherTest2" time="0.001" classname="com.testng.config.demo.TestDBConnection"/>
</testsuite> <!-- com.testng.config.demo.TestDBConnection -->
