<?xml version="1.0" encoding="UTF-8"?>
<!-- Generated by org.testng.reporters.JUnitReportReporter -->
<testsuite hostname="Ebsi-HP4540-07" name="com.testng.suite.demo.TestSuiteDatabase" tests="2" failures="0" timestamp="8 Apr 2015 13:57:53 GMT" time="0.013" errors="0">
  <testcase name="testConnectMsSQL" time="0.012" classname="com.testng.suite.demo.TestSuiteDatabase"/>
  <testcase name="testConnectOracle" time="0.001" classname="com.testng.suite.demo.TestSuiteDatabase"/>
</testsuite> <!-- com.testng.suite.demo.TestSuiteDatabase -->
