<?xml version="1.0" encoding="UTF-8"?>
<!-- Generated by org.testng.reporters.JUnitReportReporter -->
<testsuite hostname="Ebsi-HP4540-07" name="com.testng.suite.demo.MetaGroupTest" tests="2" failures="0" timestamp="8 Apr 2015 14:05:01 GMT" time="0.013" errors="0">
  <testcase name="testMethodTwo" time="0.001" classname="com.testng.suite.demo.MetaGroupTest"/>
  <testcase name="testMethodOne" time="0.012" classname="com.testng.suite.demo.MetaGroupTest"/>
</testsuite> <!-- com.testng.suite.demo.MetaGroupTest -->
