<?xml version="1.0" encoding="UTF-8"?>
<!-- Generated by org.testng.reporters.JUnitReportReporter -->
<testsuite hostname="Ebsi-HP4540-07" name="com.testng.suite.demo.TestGroupOnMethods" tests="5" failures="0" timestamp="8 Apr 2015 12:42:12 GMT" time="0.038" errors="0">
  <testcase name="runSelenium1" time="0.001" classname="com.testng.suite.demo.TestGroupOnMethods"/>
  <testcase name="runSelenium" time="0.001" classname="com.testng.suite.demo.TestGroupOnMethods"/>
  <testcase name="testConnectOracle" time="0.001" classname="com.testng.suite.demo.TestGroupOnMethods"/>
  <testcase name="runFinal" time="0.034" classname="com.testng.suite.demo.TestGroupOnMethods"/>
  <testcase name="testConnectMsSQL" time="0.001" classname="com.testng.suite.demo.TestGroupOnMethods"/>
</testsuite> <!-- com.testng.suite.demo.TestGroupOnMethods -->
