<?xml version="1.0" encoding="UTF-8"?>
<!-- Generated by org.testng.reporters.JUnitReportReporter -->
<testsuite hostname="Ebsi-HP4540-07" name="com.testng.suite.demo.TestSuiteOrder" tests="2" failures="0" timestamp="8 Apr 2015 12:43:27 GMT" time="0.007" errors="0">
  <testcase name="testUpdateOrder" time="0.001" classname="com.testng.suite.demo.TestSuiteOrder"/>
  <testcase name="testMakeOrder" time="0.006" classname="com.testng.suite.demo.TestSuiteOrder"/>
</testsuite> <!-- com.testng.suite.demo.TestSuiteOrder -->
