<?xml version="1.0" encoding="UTF-8"?>
<!-- Generated by org.testng.reporters.JUnitReportReporter -->
<testsuite hostname="Ebsi-HP4540-07" name="com.testng.suite.demo.TestGroupOnClass" tests="2" failures="0" timestamp="8 Apr 2015 12:42:12 GMT" time="0.006" errors="0">
  <testcase name="runSelenium" time="0.006" classname="com.testng.suite.demo.TestGroupOnClass"/>
  <testcase name="runSelenium1" time="0.000" classname="com.testng.suite.demo.TestGroupOnClass"/>
</testsuite> <!-- com.testng.suite.demo.TestGroupOnClass -->
