<?xml version="1.0" encoding="UTF-8"?>
<!-- Generated by org.testng.reporters.JUnitXMLReporter -->
<testsuite hostname="Ebsi-HP4540-07" name="Test-method test" tests="2" failures="0" timestamp="8 Apr 2015 14:11:46 GMT" time="0.035" errors="0">
  <testcase name="testMethodsTwo" time="0.007" classname="com.testng.parallel.demo.ParallelMethodTest"/>
  <testcase name="testMethodsOne" time="0.007" classname="com.testng.parallel.demo.ParallelMethodTest"/>
</testsuite> <!-- Test-method test -->
