<?xml version="1.0" encoding="UTF-8"?>
<!-- Generated by org.testng.reporters.JUnitReportReporter -->
<testsuite hostname="Ebsi-HP4540-07" name="com.testng.demo.HelloWorldTest" tests="1" failures="0" timestamp="8 Apr 2015 11:16:25 GMT" time="0.012" errors="0">
  <testcase name="testEmailGenerator" time="0.012" classname="com.testng.demo.HelloWorldTest"/>
</testsuite> <!-- com.testng.demo.HelloWorldTest -->
