<?xml version="1.0" encoding="UTF-8"?>
<!-- Generated by org.testng.reporters.JUnitReportReporter -->
<testsuite hostname="Ebsi-HP4540-07" name="com.testng.demo.TestRuntime" tests="1" failures="0" timestamp="8 Apr 2015 12:16:18 GMT" time="0.013" errors="0">
  <testcase name="divisionWithException" time="0.013" classname="com.testng.demo.TestRuntime"/>
</testsuite> <!-- com.testng.demo.TestRuntime -->
