<?xml version="1.0" encoding="UTF-8"?>
<!-- Generated by org.testng.reporters.JUnitReportReporter -->
<testsuite hostname="Ebsi-HP4540-07" name="com.testng.demo.TestIgnore" tests="2" failures="0" timestamp="8 Apr 2015 12:13:40 GMT" time="0.018" errors="0">
  <testcase name="test1" time="0.017" classname="com.testng.demo.TestIgnore"/>
  <testcase name="test2" time="0.001" classname="com.testng.demo.TestIgnore"/>
</testsuite> <!-- com.testng.demo.TestIgnore -->
