<?xml version="1.0" encoding="UTF-8"?>
<!-- Generated by org.testng.reporters.JUnitReportReporter -->
<testsuite hostname="Ebsi-HP4540-07" name="com.testng.dependent.demo.TestServer" tests="2" failures="0" timestamp="8 Apr 2015 12:55:12 GMT" time="0.019" errors="0">
  <testcase name="deployServer" time="0.018" classname="com.testng.dependent.demo.TestServer"/>
  <testcase name="deployBackUpServer" time="0.001" classname="com.testng.dependent.demo.TestServer"/>
</testsuite> <!-- com.testng.dependent.demo.TestServer -->
