<?xml version="1.0" encoding="UTF-8"?>
<!-- Generated by org.testng.reporters.JUnitReportReporter -->
<testsuite hostname="Ebsi-HP4540-07" name="com.testng.dependent.demo.TestDatabase" tests="2" failures="0" timestamp="8 Apr 2015 12:55:12 GMT" time="0.002" errors="0">
  <testcase name="initDB" time="0.001" classname="com.testng.dependent.demo.TestDatabase"/>
  <testcase name="testConnection" time="0.001" classname="com.testng.dependent.demo.TestDatabase"/>
</testsuite> <!-- com.testng.dependent.demo.TestDatabase -->
