<?xml version="1.0" encoding="UTF-8"?>
<!-- Generated by org.testng.reporters.JUnitReportReporter -->
<testsuite hostname="Ebsi-HP4540-07" name="com.testng.factory.demo.SimpleTest" tests="2" failures="0" timestamp="8 Apr 2015 13:44:19 GMT" time="0.008" errors="0">
  <testcase name="testMethod" time="0.008" classname="com.testng.factory.demo.SimpleTest"/>
  <testcase name="testMethod" time="0.000" classname="com.testng.factory.demo.SimpleTest"/>
</testsuite> <!-- com.testng.factory.demo.SimpleTest -->
