<?xml version="1.0" encoding="UTF-8"?>
<!-- Generated by org.testng.reporters.JUnitReportReporter -->
<testsuite hostname="Ebsi-HP4540-07" name="com.testng.factory.demo.DataProviderClass" tests="2" failures="0" timestamp="8 Apr 2015 13:41:27 GMT" time="0.006" errors="0">
  <testcase name="testMethod" time="0.005" classname="com.testng.factory.demo.DataProviderClass"/>
  <testcase name="testMethod" time="0.001" classname="com.testng.factory.demo.DataProviderClass"/>
</testsuite> <!-- com.testng.factory.demo.DataProviderClass -->
