<?xml version="1.0" encoding="UTF-8"?>
<!-- Generated by org.testng.reporters.JUnitXMLReporter -->
<testsuite hostname="Ebsi-HP4540-07" name="Test-class test 1" tests="1" failures="0" timestamp="8 Apr 2015 14:18:28 GMT" time="0.026" errors="0">
  <testcase name="testMethodOne" time="0.005" classname="com.testng.parallel.demo.ParallelSuiteTest"/>
</testsuite> <!-- Test-class test 1 -->
