<?xml version="1.0" encoding="UTF-8"?>
<!-- Generated by org.testng.reporters.JUnitReportReporter -->
<testsuite hostname="Ebsi-HP4540-07" name="com.testng.parameter.demo.TestParameterDataProvider" tests="3" failures="0" timestamp="8 Apr 2015 13:20:38 GMT" time="0.014" errors="0">
  <testcase name="test" time="0.000" classname="com.testng.parameter.demo.TestParameterDataProvider"/>
  <testcase name="test" time="0.000" classname="com.testng.parameter.demo.TestParameterDataProvider"/>
  <testcase name="test" time="0.014" classname="com.testng.parameter.demo.TestParameterDataProvider"/>
</testsuite> <!-- com.testng.parameter.demo.TestParameterDataProvider -->
