<?xml version="1.0" encoding="UTF-8"?>
<!-- Generated by org.testng.reporters.JUnitReportReporter -->
<testsuite hostname="Ebsi-HP4540-07" name="com.testng.parameter.demo.TestDataProviderWithITestContext" tests="1" failures="0" timestamp="8 Apr 2015 13:31:58 GMT" time="0.003" errors="0">
  <testcase name="test1" time="0.003" classname="com.testng.parameter.demo.TestDataProviderWithITestContext"/>
</testsuite> <!-- com.testng.parameter.demo.TestDataProviderWithITestContext -->
