<?xml version="1.0" encoding="UTF-8"?>
<!-- Generated by org.testng.reporters.JUnitReportReporter -->
<testsuite hostname="Ebsi-HP4540-07" name="com.testng.parameter.demo.TestDataProviderWithMap" tests="1" failures="0" timestamp="8 Apr 2015 13:23:26 GMT" time="0.014" errors="0">
  <testcase name="testConnection" time="0.014" classname="com.testng.parameter.demo.TestDataProviderWithMap"/>
</testsuite> <!-- com.testng.parameter.demo.TestDataProviderWithMap -->
