<?xml version="1.0" encoding="UTF-8"?>
<!-- Generated by org.testng.reporters.JUnitReportReporter -->
<testsuite hostname="Ebsi-HP4540-07" name="com.testng.parameter.demo.TestParameterXML" tests="1" failures="0" timestamp="8 Apr 2015 13:31:58 GMT" time="0.225" errors="0">
  <testcase name="createConnection" time="0.225" classname="com.testng.parameter.demo.TestParameterXML"/>
</testsuite> <!-- com.testng.parameter.demo.TestParameterXML -->
