<?xml version="1.0" encoding="UTF-8"?>
<!-- Generated by org.testng.reporters.JUnitReportReporter -->
<testsuite hostname="Ebsi-HP4540-07" name="com.testng.parameter.demo.TestDataProviderForMethods" tests="4" failures="0" timestamp="8 Apr 2015 13:25:54 GMT" time="0.017" errors="0">
  <testcase name="test2" time="0.001" classname="com.testng.parameter.demo.TestDataProviderForMethods"/>
  <testcase name="test1" time="0.014" classname="com.testng.parameter.demo.TestDataProviderForMethods"/>
  <testcase name="test2" time="0.001" classname="com.testng.parameter.demo.TestDataProviderForMethods"/>
  <testcase name="test1" time="0.001" classname="com.testng.parameter.demo.TestDataProviderForMethods"/>
</testsuite> <!-- com.testng.parameter.demo.TestDataProviderForMethods -->
